TN:
SF:/Users/ens/pwd/uxcore/uxcore-mention/src/index.js
FN:28,_interopRequireDefault
FNF:1
FNH:1
FNDA:5,_interopRequireDefault
DA:3,1
DA:6,1
DA:8,1
DA:10,1
DA:12,1
DA:14,1
DA:16,1
DA:18,1
DA:20,1
DA:22,1
DA:24,1
DA:26,1
DA:28,5
DA:30,1
DA:31,1
DA:32,1
DA:33,1
DA:41,1
LF:18
LH:18
BRDA:28,1,0,0
BRDA:28,1,1,5
BRDA:28,2,0,5
BRDA:28,2,1,5
BRF:4
BRH:3
end_of_record
TN:
SF:/Users/ens/pwd/uxcore/uxcore-mention/src/components/Mention.js
FN:25,_interopRequireDefault
FN:27,_defaults
FN:29,_classCallCheck
FN:31,_possibleConstructorReturn
FN:33,_inherits
FN:41,(anonymous_6)
FN:44,Mention
FN:61,componentDidMount
FN:71,onFocus
FN:79,setPanelPos
FN:89,selectItem
FN:96,render
FN:114,(anonymous_13)
FN:184,formatter
FN:187,panelFormatter
FN:190,onChange
FNF:16
FNH:15
FNDA:4,_interopRequireDefault
FNDA:1,_defaults
FNDA:3,_classCallCheck
FNDA:3,_possibleConstructorReturn
FNDA:1,_inherits
FNDA:1,(anonymous_6)
FNDA:3,Mention
FNDA:3,componentDidMount
FNDA:3,onFocus
FNDA:2,setPanelPos
FNDA:2,selectItem
FNDA:19,render
FNDA:19,(anonymous_13)
FNDA:0,formatter
FNDA:36,panelFormatter
FNDA:6,onChange
DA:3,1
DA:7,1
DA:9,1
DA:11,1
DA:13,1
DA:15,1
DA:17,1
DA:19,1
DA:21,1
DA:23,1
DA:25,4
DA:27,5
DA:29,3
DA:31,3
DA:33,1
DA:41,1
DA:42,1
DA:44,1
DA:45,3
DA:47,3
DA:49,3
DA:58,3
DA:61,1
DA:62,3
DA:71,1
DA:72,3
DA:79,1
DA:80,2
DA:84,2
DA:89,1
DA:90,2
DA:93,2
DA:96,1
DA:97,19
DA:99,19
DA:103,19
DA:111,19
DA:115,19
DA:137,1
DA:140,1
DA:141,1
DA:142,1
DA:179,1
DA:185,0
DA:188,36
DA:193,1
DA:194,1
LF:47
LH:46
BRDA:25,1,0,0
BRDA:25,1,1,4
BRDA:25,2,0,4
BRDA:25,2,1,4
BRDA:27,3,0,0
BRDA:27,3,1,5
BRDA:27,4,0,5
BRDA:27,4,1,5
BRDA:27,4,2,0
BRDA:29,5,0,0
BRDA:29,5,1,3
BRDA:31,6,0,0
BRDA:31,6,1,3
BRDA:31,7,0,0
BRDA:31,7,1,3
BRDA:31,8,0,3
BRDA:31,8,1,0
BRDA:31,8,2,0
BRDA:33,9,0,0
BRDA:33,9,1,1
BRDA:33,10,0,1
BRDA:33,10,1,0
BRDA:33,11,0,1
BRDA:33,11,1,1
BRDA:33,12,0,1
BRDA:33,12,1,0
BRDA:33,13,0,0
BRDA:33,13,1,1
BRF:28
BRH:16
end_of_record
TN:
SF:/Users/ens/pwd/uxcore/uxcore-mention/src/components/Panel.js
FN:15,_interopRequireDefault
FN:17,_defaults
FN:19,_classCallCheck
FN:21,_possibleConstructorReturn
FN:23,_inherits
FN:25,(anonymous_6)
FN:28,Panel
FN:34,render
FN:53,(anonymous_9)
FNF:9
FNH:9
FNDA:2,_interopRequireDefault
FNDA:1,_defaults
FNDA:4,_classCallCheck
FNDA:4,_possibleConstructorReturn
FNDA:1,_inherits
FNDA:1,(anonymous_6)
FNDA:4,Panel
FNDA:36,render
FNDA:72,(anonymous_9)
DA:3,1
DA:7,1
DA:9,1
DA:11,1
DA:13,1
DA:15,2
DA:17,5
DA:19,4
DA:21,4
DA:23,1
DA:25,1
DA:26,1
DA:28,1
DA:29,4
DA:31,4
DA:34,1
DA:35,36
DA:37,36
DA:38,36
DA:46,36
DA:47,36
DA:48,36
DA:49,36
DA:50,36
DA:54,72
DA:55,72
DA:56,72
DA:57,72
DA:58,72
DA:67,1
DA:70,1
DA:72,1
DA:73,1
DA:81,1
DA:89,1
LF:35
LH:35
BRDA:15,1,0,0
BRDA:15,1,1,2
BRDA:15,2,0,2
BRDA:15,2,1,2
BRDA:17,3,0,0
BRDA:17,3,1,5
BRDA:17,4,0,5
BRDA:17,4,1,5
BRDA:17,4,2,0
BRDA:19,5,0,0
BRDA:19,5,1,4
BRDA:21,6,0,0
BRDA:21,6,1,4
BRDA:21,7,0,0
BRDA:21,7,1,4
BRDA:21,8,0,4
BRDA:21,8,1,0
BRDA:21,8,2,0
BRDA:23,9,0,0
BRDA:23,9,1,1
BRDA:23,10,0,1
BRDA:23,10,1,0
BRDA:23,11,0,1
BRDA:23,11,1,1
BRDA:23,12,0,1
BRDA:23,12,1,0
BRDA:23,13,0,0
BRDA:23,13,1,1
BRF:28
BRH:16
end_of_record
TN:
SF:/Users/ens/pwd/uxcore/uxcore-mention/src/utils/keycode.js
FNF:0
FNH:0
DA:3,1
DA:6,1
LF:2
LH:2
BRF:0
BRH:0
end_of_record
TN:
SF:/Users/ens/pwd/uxcore/uxcore-mention/src/components/mentionMixin.js
FN:12,componentDidUpdate
FN:24,onPanelKeyup
FN:54,runMatcher
FN:58,(anonymous_4)
FN:62,_matcher
FN:74,(anonymous_6)
FN:82,next
FNF:7
FNH:7
FNDA:32,componentDidUpdate
FNDA:10,onPanelKeyup
FNDA:2,runMatcher
FNDA:2,(anonymous_4)
FNDA:5,_matcher
FNDA:32,(anonymous_6)
FNDA:4,next
DA:3,1
DA:7,1
DA:9,1
DA:11,1
DA:13,32
DA:14,8
DA:18,32
DA:19,4
DA:25,10
DA:30,10
DA:31,7
DA:32,7
DA:34,1
DA:37,1
DA:39,3
DA:42,3
DA:44,3
DA:45,3
DA:47,0
DA:50,0
DA:55,2
DA:57,2
DA:58,2
DA:59,2
DA:64,5
DA:68,5
DA:72,5
DA:73,4
DA:74,4
DA:75,32
DA:78,0
DA:83,4
DA:84,4
DA:85,4
DA:87,4
DA:92,1
LF:36
LH:33
BRDA:13,1,0,8
BRDA:13,1,1,24
BRDA:18,2,0,4
BRDA:18,2,1,28
BRDA:18,3,0,32
BRDA:18,3,1,14
BRDA:30,4,0,7
BRDA:30,4,1,3
BRDA:32,5,0,1
BRDA:32,5,1,3
BRDA:32,5,2,3
BRDA:32,5,3,0
BRDA:35,6,0,0
BRDA:35,6,1,1
BRDA:40,7,0,0
BRDA:40,7,1,3
BRDA:57,8,0,2
BRDA:57,8,1,1
BRDA:72,9,0,4
BRDA:72,9,1,1
BRDA:72,10,0,5
BRDA:72,10,1,4
BRDA:73,11,0,4
BRDA:73,11,1,0
BRDA:84,12,0,4
BRDA:84,12,1,0
BRF:26
BRH:21
end_of_record
TN:
SF:/Users/ens/pwd/uxcore/uxcore-mention/src/editor-components/contentEditableEditor.js
FN:17,_interopRequireDefault
FN:19,_defaults
FN:21,_classCallCheck
FN:23,_possibleConstructorReturn
FN:25,_inherits
FN:28,(anonymous_6)
FN:38,(anonymous_7)
FN:41,ContentEditableEditor
FN:53,componentDidMount
FN:69,componentWillReceiveProps
FN:75,componentWillUnmount
FN:81,handleEnterPress
FN:99,handleDefaultKeyup
FN:124,onInput
FN:130,onMutation
FN:134,onBlur
FN:141,onFocus
FN:148,insert
FN:155,(anonymous_19)
FN:161,(anonymous_20)
FN:167,addSelectPerson
FN:181,extractContent
FN:203,emitChange
FN:222,render
FN:247,onClick
FN:325,mentionFormatter
FN:328,onChange
FN:329,onAdd
FNF:28
FNH:15
FNDA:2,_interopRequireDefault
FNDA:1,_defaults
FNDA:1,_classCallCheck
FNDA:1,_possibleConstructorReturn
FNDA:1,_inherits
FNDA:1,(anonymous_6)
FNDA:1,(anonymous_7)
FNDA:1,ContentEditableEditor
FNDA:1,componentDidMount
FNDA:0,componentWillReceiveProps
FNDA:0,componentWillUnmount
FNDA:0,handleEnterPress
FNDA:0,handleDefaultKeyup
FNDA:0,onInput
FNDA:0,onMutation
FNDA:1,onBlur
FNDA:2,onFocus
FNDA:0,insert
FNDA:0,(anonymous_19)
FNDA:0,(anonymous_20)
FNDA:0,addSelectPerson
FNDA:1,extractContent
FNDA:1,emitChange
FNDA:3,render
FNDA:1,onClick
FNDA:0,mentionFormatter
FNDA:0,onChange
FNDA:0,onAdd
DA:3,1
DA:7,1
DA:9,1
DA:11,1
DA:13,1
DA:15,1
DA:17,2
DA:19,5
DA:21,1
DA:23,1
DA:25,1
DA:28,1
DA:30,1
DA:31,1
DA:32,1
DA:33,1
DA:35,0
DA:38,1
DA:39,1
DA:41,1
DA:42,1
DA:44,1
DA:46,1
DA:50,1
DA:53,1
DA:54,1
DA:55,1
DA:56,0
DA:58,1
DA:59,1
DA:60,1
DA:61,1
DA:69,1
DA:70,0
DA:71,0
DA:75,1
DA:76,0
DA:77,0
DA:81,1
DA:82,0
DA:83,0
DA:84,0
DA:85,0
DA:89,0
DA:90,0
DA:92,0
DA:93,0
DA:94,0
DA:95,0
DA:96,0
DA:99,1
DA:100,0
DA:104,0
DA:105,0
DA:106,0
DA:107,0
DA:108,0
DA:109,0
DA:111,0
DA:112,0
DA:114,0
DA:115,0
DA:117,0
DA:119,0
DA:124,1
DA:125,0
DA:126,0
DA:130,1
DA:131,0
DA:134,1
DA:135,1
DA:136,1
DA:141,1
DA:142,2
DA:145,2
DA:148,1
DA:149,0
DA:150,0
DA:151,0
DA:152,0
DA:153,0
DA:154,0
DA:155,0
DA:156,0
DA:159,0
DA:161,0
DA:162,0
DA:167,1
DA:168,0
DA:169,0
DA:170,0
DA:171,0
DA:172,0
DA:173,0
DA:175,0
DA:176,0
DA:177,0
DA:178,0
DA:181,1
DA:183,1
DA:184,1
DA:185,1
DA:186,1
DA:187,0
DA:188,0
DA:189,0
DA:190,0
DA:191,0
DA:192,0
DA:193,0
DA:195,0
DA:196,0
DA:200,1
DA:203,1
DA:204,1
DA:205,0
DA:207,0
DA:208,0
DA:209,0
DA:211,0
DA:213,0
DA:215,1
DA:216,1
DA:219,1
DA:222,1
DA:223,3
DA:225,3
DA:229,3
DA:233,3
DA:248,1
DA:249,1
DA:257,1
DA:260,1
DA:262,1
DA:263,1
DA:320,1
DA:326,0
DA:334,1
LF:138
LH:68
BRDA:17,1,0,0
BRDA:17,1,1,2
BRDA:17,2,0,2
BRDA:17,2,1,2
BRDA:19,3,0,0
BRDA:19,3,1,5
BRDA:19,4,0,5
BRDA:19,4,1,5
BRDA:19,4,2,0
BRDA:21,5,0,0
BRDA:21,5,1,1
BRDA:23,6,0,0
BRDA:23,6,1,1
BRDA:23,7,0,1
BRDA:23,7,1,0
BRDA:23,8,0,1
BRDA:23,8,1,1
BRDA:23,8,2,0
BRDA:25,9,0,0
BRDA:25,9,1,1
BRDA:25,10,0,1
BRDA:25,10,1,0
BRDA:25,11,0,1
BRDA:25,11,1,1
BRDA:25,12,0,1
BRDA:25,12,1,0
BRDA:25,13,0,0
BRDA:25,13,1,1
BRDA:30,14,0,1
BRDA:30,14,1,0
BRDA:33,15,0,1
BRDA:33,15,1,0
BRDA:48,16,0,1
BRDA:48,16,1,1
BRDA:55,17,0,0
BRDA:55,17,1,1
BRDA:58,18,0,1
BRDA:58,18,1,0
BRDA:58,18,2,0
BRDA:59,19,0,1
BRDA:59,19,1,0
BRDA:70,20,0,0
BRDA:70,20,1,0
BRDA:76,21,0,0
BRDA:76,21,1,0
BRDA:89,22,0,0
BRDA:89,22,1,0
BRDA:89,23,0,0
BRDA:89,23,1,0
BRDA:106,24,0,0
BRDA:106,24,1,0
BRDA:112,25,0,0
BRDA:112,25,1,0
BRDA:125,26,0,0
BRDA:125,26,1,0
BRDA:151,27,0,0
BRDA:151,27,1,0
BRDA:154,28,0,0
BRDA:154,28,1,0
BRDA:188,29,0,0
BRDA:188,29,1,0
BRDA:190,30,0,0
BRDA:190,30,1,0
BRDA:192,31,0,0
BRDA:192,31,1,0
BRDA:195,32,0,0
BRDA:195,32,1,0
BRDA:196,33,0,0
BRDA:196,33,1,0
BRDA:204,34,0,0
BRDA:204,34,1,1
BRDA:209,35,0,0
BRDA:209,35,1,0
BRDA:239,36,0,0
BRDA:239,36,1,3
BRDA:245,37,0,2
BRDA:245,37,1,1
BRDA:245,38,0,3
BRDA:245,38,1,2
BRF:79
BRH:30
end_of_record
TN:
SF:/Users/ens/pwd/uxcore/uxcore-mention/src/editor-components/baseEditor.js
FN:17,_interopRequireDefault
FN:19,_defaults
FN:21,_classCallCheck
FN:23,_possibleConstructorReturn
FN:25,_inherits
FN:27,(anonymous_6)
FN:30,BaseEditor
FN:36,onFocus
FN:40,onKeydown
FN:62,onKeyup
FN:80,insertMentionData
FNF:11
FNH:11
FNDA:1,_interopRequireDefault
FNDA:1,_defaults
FNDA:4,_classCallCheck
FNDA:4,_possibleConstructorReturn
FNDA:1,_inherits
FNDA:1,(anonymous_6)
FNDA:4,BaseEditor
FNDA:1,onFocus
FNDA:4,onKeydown
FNDA:3,onKeyup
FNDA:4,insertMentionData
DA:3,1
DA:7,1
DA:9,1
DA:11,1
DA:13,1
DA:15,1
DA:17,1
DA:19,5
DA:21,4
DA:23,4
DA:25,1
DA:27,1
DA:28,1
DA:30,1
DA:31,4
DA:33,4
DA:36,1
DA:37,1
DA:40,1
DA:41,4
DA:43,4
DA:46,1
DA:47,0
DA:49,1
DA:51,0
DA:52,0
DA:54,0
DA:56,0
DA:58,3
DA:62,1
DA:63,3
DA:65,3
DA:68,0
DA:69,0
DA:71,0
DA:73,0
DA:75,3
DA:76,3
DA:80,1
DA:81,4
DA:85,4
DA:86,4
DA:87,4
DA:90,1
DA:93,1
DA:94,1
LF:46
LH:37
BRDA:17,1,0,0
BRDA:17,1,1,1
BRDA:17,2,0,1
BRDA:17,2,1,1
BRDA:19,3,0,0
BRDA:19,3,1,5
BRDA:19,4,0,5
BRDA:19,4,1,5
BRDA:19,4,2,0
BRDA:21,5,0,0
BRDA:21,5,1,4
BRDA:23,6,0,0
BRDA:23,6,1,4
BRDA:23,7,0,0
BRDA:23,7,1,4
BRDA:23,8,0,4
BRDA:23,8,1,0
BRDA:23,8,2,0
BRDA:25,9,0,0
BRDA:25,9,1,1
BRDA:25,10,0,1
BRDA:25,10,1,0
BRDA:25,11,0,1
BRDA:25,11,1,1
BRDA:25,12,0,1
BRDA:25,12,1,0
BRDA:25,13,0,0
BRDA:25,13,1,1
BRDA:43,14,0,1
BRDA:43,14,1,1
BRDA:43,14,2,0
BRDA:43,14,3,3
BRDA:46,15,0,0
BRDA:46,15,1,1
BRDA:51,16,0,0
BRDA:51,16,1,0
BRDA:54,17,0,0
BRDA:54,17,1,0
BRDA:65,18,0,0
BRDA:65,18,1,0
BRDA:65,18,2,0
BRDA:65,18,3,3
BRDA:68,19,0,0
BRDA:68,19,1,0
BRDA:75,20,0,3
BRDA:75,20,1,3
BRF:46
BRH:23
end_of_record
TN:
SF:/Users/ens/pwd/uxcore/uxcore-mention/src/utils/util.js
FN:13,parseStrByDelimiter
FN:31,getScrollOffset
FN:46,getCaretOffset
FN:77,getElementOffset
FN:106,getCaretPosition
FN:146,(anonymous_6)
FN:187,createEvent
FNF:7
FNH:7
FNDA:5,parseStrByDelimiter
FNDA:3,getScrollOffset
FNDA:3,getCaretOffset
FNDA:6,getElementOffset
FNDA:3,getCaretPosition
FNDA:62,(anonymous_6)
FNDA:2,createEvent
DA:3,1
DA:13,1
DA:14,5
DA:15,5
DA:17,5
DA:18,5
DA:19,5
DA:20,4
DA:22,1
DA:24,5
DA:31,1
DA:32,3
DA:33,3
DA:34,0
DA:36,3
DA:38,3
DA:39,0
DA:41,3
DA:43,3
DA:46,1
DA:47,3
DA:48,3
DA:49,3
DA:50,3
DA:51,3
DA:53,0
DA:54,0
DA:55,0
DA:57,0
DA:58,0
DA:59,0
DA:60,0
DA:61,0
DA:62,0
DA:64,0
DA:66,0
DA:67,0
DA:69,0
DA:71,3
DA:77,1
DA:78,6
DA:79,6
DA:80,6
DA:81,6
DA:82,6
DA:83,6
DA:84,6
DA:86,6
DA:96,1
DA:106,1
DA:107,3
DA:108,3
DA:109,3
DA:110,0
DA:111,0
DA:112,0
DA:113,0
DA:115,3
DA:116,3
DA:117,3
DA:118,3
DA:119,3
DA:120,3
DA:121,3
DA:122,3
DA:124,2
DA:125,2
DA:126,2
DA:128,2
DA:129,2
DA:130,2
DA:132,2
DA:133,2
DA:135,2
DA:137,1
DA:138,1
DA:140,1
DA:143,2
DA:144,2
DA:145,2
DA:146,2
DA:147,62
DA:150,2
DA:151,2
DA:153,3
DA:154,3
DA:155,1
DA:156,1
DA:157,1
DA:159,1
DA:161,2
DA:163,3
DA:164,3
DA:165,3
DA:166,3
DA:167,3
DA:168,3
DA:170,3
DA:171,3
DA:172,3
DA:175,3
DA:176,3
DA:177,3
DA:178,3
DA:179,3
DA:181,3
DA:187,1
DA:188,2
DA:189,2
DA:190,2
DA:191,2
DA:192,2
DA:194,0
DA:195,0
DA:197,2
DA:200,1
DA:201,1
DA:202,1
DA:203,1
DA:204,1
LF:120
LH:99
BRDA:14,1,0,5
BRDA:14,1,1,0
BRDA:14,2,0,5
BRDA:14,2,1,5
BRDA:15,3,0,3
BRDA:15,3,1,2
BRDA:15,4,0,5
BRDA:15,4,1,5
BRDA:19,5,0,4
BRDA:19,5,1,1
BRDA:33,6,0,0
BRDA:33,6,1,3
BRDA:38,7,0,0
BRDA:38,7,1,3
BRDA:49,8,0,3
BRDA:49,8,1,0
BRDA:55,9,0,0
BRDA:55,9,1,0
BRDA:64,10,0,0
BRDA:64,10,1,0
BRDA:81,11,0,6
BRDA:81,11,1,6
BRDA:81,11,2,6
BRDA:82,12,0,6
BRDA:82,12,1,6
BRDA:82,12,2,6
BRDA:83,13,0,6
BRDA:83,13,1,6
BRDA:84,14,0,6
BRDA:84,14,1,6
BRDA:109,15,0,0
BRDA:109,15,1,3
BRDA:118,16,0,3
BRDA:118,16,1,2
BRDA:119,17,0,3
BRDA:119,17,1,2
BRDA:120,18,0,3
BRDA:120,18,1,2
BRDA:122,19,0,2
BRDA:122,19,1,1
BRDA:133,20,0,2
BRDA:133,20,1,0
BRDA:135,21,0,1
BRDA:135,21,1,1
BRDA:154,22,0,1
BRDA:154,22,1,2
BRDA:156,23,0,1
BRDA:156,23,1,0
BRDA:189,24,0,2
BRDA:189,24,1,0
BRF:50
BRH:38
end_of_record
TN:
SF:/Users/ens/pwd/uxcore/uxcore-mention/src/utils/rangy-position.js
FN:3,(anonymous_1)
FN:3,(anonymous_2)
FN:21,(anonymous_3)
FN:38,getScrollPosition
FN:59,getAncestorElement
FN:70,Rect
FN:79,createRelativeRect
FN:83,adjustClientRect
FN:101,mergeRects
FN:118,getTextRangePosition
FN:125,caretPositionFromPoint
FN:130,caretRangeFromPoint
FN:135,getLastRangeRect
FN:140,pointIsInOrAboveRect
FN:145,positionFromPoint
FN:201,createCaretPositionFromPointGetter
FN:215,createRangeFromPoints
FN:226,moveSelectionToPoints
FN:266,createClientBoundaryPosGetter
FN:267,(anonymous_20)
FN:280,(anonymous_21)
FN:284,(anonymous_22)
FN:336,createWrappedRange
FN:340,(anonymous_24)
FN:347,createClientBoundaryPosGetter
FN:348,(anonymous_26)
FN:375,(anonymous_27)
FN:380,(anonymous_28)
FN:393,getRectFromBoundaries
FN:419,(anonymous_30)
FN:432,(anonymous_31)
FN:437,createDocumentBoundaryPosGetter
FN:438,(anonymous_33)
FN:446,getBoundingDocumentRect
FN:457,compareRanges
FN:460,createSelectionRectGetter
FN:461,(anonymous_37)
FN:471,createSelectionBoundaryPosGetter
FN:472,(anonymous_39)
FN:496,(anonymous_40)
FNF:40
FNH:5
FNDA:0,(anonymous_1)
FNDA:0,(anonymous_2)
FNDA:1,(anonymous_3)
FNDA:0,getScrollPosition
FNDA:0,getAncestorElement
FNDA:0,Rect
FNDA:0,createRelativeRect
FNDA:0,adjustClientRect
FNDA:0,mergeRects
FNDA:0,getTextRangePosition
FNDA:0,caretPositionFromPoint
FNDA:0,caretRangeFromPoint
FNDA:0,getLastRangeRect
FNDA:0,pointIsInOrAboveRect
FNDA:0,positionFromPoint
FNDA:0,createCaretPositionFromPointGetter
FNDA:0,createRangeFromPoints
FNDA:0,moveSelectionToPoints
FNDA:0,createClientBoundaryPosGetter
FNDA:0,(anonymous_20)
FNDA:0,(anonymous_21)
FNDA:0,(anonymous_22)
FNDA:0,createWrappedRange
FNDA:0,(anonymous_24)
FNDA:2,createClientBoundaryPosGetter
FNDA:0,(anonymous_26)
FNDA:0,(anonymous_27)
FNDA:0,(anonymous_28)
FNDA:0,getRectFromBoundaries
FNDA:0,(anonymous_30)
FNDA:0,(anonymous_31)
FNDA:2,createDocumentBoundaryPosGetter
FNDA:0,(anonymous_33)
FNDA:0,getBoundingDocumentRect
FNDA:0,compareRanges
FNDA:2,createSelectionRectGetter
FNDA:0,(anonymous_37)
FNDA:4,createSelectionBoundaryPosGetter
FNDA:0,(anonymous_39)
FNDA:0,(anonymous_40)
DA:3,1
DA:20,1
DA:21,1
DA:23,1
DA:24,1
DA:25,1
DA:26,1
DA:27,1
DA:28,1
DA:29,1
DA:38,1
DA:39,0
DA:41,0
DA:42,0
DA:43,0
DA:45,0
DA:46,0
DA:47,0
DA:48,0
DA:49,0
DA:50,0
DA:51,0
DA:52,0
DA:56,0
DA:59,1
DA:60,0
DA:61,0
DA:62,0
DA:63,0
DA:65,0
DA:67,0
DA:70,1
DA:71,0
DA:72,0
DA:73,0
DA:74,0
DA:75,0
DA:76,0
DA:79,1
DA:80,0
DA:83,1
DA:85,0
DA:86,0
DA:87,0
DA:88,0
DA:89,0
DA:90,0
DA:91,0
DA:92,0
DA:93,0
DA:95,0
DA:96,0
DA:98,0
DA:101,1
DA:102,0
DA:106,0
DA:107,0
DA:108,0
DA:109,0
DA:110,0
DA:111,0
DA:112,0
DA:115,0
DA:118,1
DA:119,0
DA:120,0
DA:121,0
DA:122,0
DA:125,1
DA:126,0
DA:127,0
DA:130,1
DA:131,0
DA:132,0
DA:135,1
DA:136,0
DA:137,0
DA:140,1
DA:141,0
DA:142,0
DA:145,1
DA:146,0
DA:147,0
DA:148,0
DA:149,0
DA:150,0
DA:151,0
DA:155,0
DA:156,0
DA:157,0
DA:158,0
DA:159,0
DA:163,0
DA:164,0
DA:165,0
DA:167,0
DA:168,0
DA:169,0
DA:170,0
DA:172,0
DA:173,0
DA:175,0
DA:180,0
DA:181,0
DA:182,0
DA:183,0
DA:184,0
DA:185,0
DA:186,0
DA:188,0
DA:191,0
DA:193,0
DA:194,0
DA:195,0
DA:198,0
DA:201,1
DA:202,0
DA:203,0
DA:204,0
DA:205,0
DA:206,0
DA:207,0
DA:208,0
DA:209,0
DA:211,0
DA:215,1
DA:216,0
DA:217,0
DA:218,0
DA:219,0
DA:220,0
DA:221,0
DA:222,0
DA:223,0
DA:226,1
DA:227,0
DA:229,0
DA:230,0
DA:231,0
DA:232,0
DA:233,0
DA:234,0
DA:235,0
DA:236,0
DA:238,0
DA:239,0
DA:240,0
DA:241,0
DA:243,0
DA:244,0
DA:248,1
DA:249,1
DA:250,1
DA:253,1
DA:255,1
DA:256,1
DA:257,1
DA:258,1
DA:261,1
DA:266,1
DA:267,0
DA:271,0
DA:272,0
DA:278,1
DA:279,1
DA:280,0
DA:282,0
DA:284,0
DA:285,0
DA:288,0
DA:291,0
DA:292,0
DA:293,0
DA:295,0
DA:296,0
DA:299,0
DA:300,0
DA:301,0
DA:303,0
DA:304,0
DA:306,0
DA:307,0
DA:309,0
DA:310,0
DA:311,0
DA:312,0
DA:313,0
DA:314,0
DA:316,0
DA:318,0
DA:322,0
DA:323,0
DA:324,0
DA:325,0
DA:326,0
DA:328,0
DA:330,0
DA:333,0
DA:335,1
DA:336,1
DA:337,0
DA:339,1
DA:340,1
DA:341,0
DA:343,0
DA:344,0
DA:346,1
DA:347,1
DA:348,2
DA:349,0
DA:351,0
DA:352,0
DA:353,0
DA:354,0
DA:355,0
DA:356,0
DA:360,0
DA:361,0
DA:362,0
DA:363,0
DA:365,0
DA:366,0
DA:369,0
DA:375,0
DA:376,0
DA:381,0
DA:386,0
DA:387,0
DA:388,0
DA:389,0
DA:391,0
DA:393,0
DA:394,0
DA:395,0
DA:396,0
DA:397,0
DA:398,0
DA:399,0
DA:400,0
DA:404,0
DA:406,0
DA:407,0
DA:408,0
DA:409,0
DA:412,0
DA:413,0
DA:414,0
DA:415,0
DA:417,0
DA:419,0
DA:420,0
DA:423,0
DA:424,0
DA:426,0
DA:429,0
DA:430,0
DA:432,0
DA:433,0
DA:437,1
DA:438,2
DA:439,0
DA:440,0
DA:441,0
DA:445,1
DA:447,0
DA:448,0
DA:457,1
DA:458,0
DA:460,1
DA:461,2
DA:462,0
DA:463,0
DA:464,0
DA:465,0
DA:467,0
DA:471,1
DA:472,4
DA:473,0
DA:474,0
DA:476,0
DA:477,0
DA:478,0
DA:480,0
DA:482,0
DA:486,1
DA:496,1
DA:497,0
DA:498,0
DA:500,1
DA:501,1
LF:290
LH:56
BRDA:3,1,0,0
BRDA:3,1,1,1
BRDA:3,2,0,1
BRDA:3,2,1,0
BRDA:3,3,0,0
BRDA:3,3,1,0
BRDA:3,4,0,0
BRDA:3,4,1,0
BRDA:3,4,2,0
BRDA:3,4,3,0
BRDA:20,5,0,1
BRDA:20,5,1,0
BRDA:41,6,0,0
BRDA:41,6,1,0
BRDA:41,7,0,0
BRDA:41,7,1,0
BRDA:48,8,0,0
BRDA:48,8,1,0
BRDA:48,9,0,0
BRDA:48,9,1,0
BRDA:48,9,2,0
BRDA:49,10,0,0
BRDA:49,10,1,0
BRDA:49,11,0,0
BRDA:49,11,1,0
BRDA:49,11,2,0
BRDA:62,12,0,0
BRDA:62,12,1,0
BRDA:62,13,0,0
BRDA:62,13,1,0
BRDA:89,14,0,0
BRDA:89,14,1,0
BRDA:89,15,0,0
BRDA:89,15,1,0
BRDA:92,16,0,0
BRDA:92,16,1,0
BRDA:95,17,0,0
BRDA:95,17,1,0
BRDA:108,18,0,0
BRDA:108,18,1,0
BRDA:136,19,0,0
BRDA:136,19,1,0
BRDA:137,20,0,0
BRDA:137,20,1,0
BRDA:142,21,0,0
BRDA:142,21,1,0
BRDA:142,21,2,0
BRDA:155,22,0,0
BRDA:155,22,1,0
BRDA:158,23,0,0
BRDA:158,23,1,0
BRDA:165,24,0,0
BRDA:165,24,1,0
BRDA:170,25,0,0
BRDA:170,25,1,0
BRDA:170,26,0,0
BRDA:170,26,1,0
BRDA:172,27,0,0
BRDA:172,27,1,0
BRDA:182,28,0,0
BRDA:182,28,1,0
BRDA:182,29,0,0
BRDA:182,29,1,0
BRDA:185,30,0,0
BRDA:185,30,1,0
BRDA:193,31,0,0
BRDA:193,31,1,0
BRDA:202,32,0,0
BRDA:202,32,1,0
BRDA:204,33,0,0
BRDA:204,33,1,0
BRDA:206,34,0,0
BRDA:206,34,1,0
BRDA:208,35,0,0
BRDA:208,35,1,0
BRDA:208,36,0,0
BRDA:208,36,1,0
BRDA:229,37,0,0
BRDA:229,37,1,0
BRDA:229,37,2,0
BRDA:232,38,0,0
BRDA:232,38,1,0
BRDA:255,39,0,1
BRDA:255,39,1,0
BRDA:273,40,0,0
BRDA:273,40,1,0
BRDA:274,41,0,0
BRDA:274,41,1,0
BRDA:279,42,0,0
BRDA:279,42,1,1
BRDA:279,43,0,1
BRDA:279,43,1,0
BRDA:291,44,0,0
BRDA:291,44,1,0
BRDA:296,45,0,0
BRDA:296,45,1,0
BRDA:296,46,0,0
BRDA:296,46,1,0
BRDA:300,47,0,0
BRDA:300,47,1,0
BRDA:306,48,0,0
BRDA:306,48,1,0
BRDA:311,49,0,0
BRDA:311,49,1,0
BRDA:313,50,0,0
BRDA:313,50,1,0
BRDA:323,51,0,0
BRDA:323,51,1,0
BRDA:323,52,0,0
BRDA:323,52,1,0
BRDA:335,53,0,1
BRDA:335,53,1,0
BRDA:337,54,0,0
BRDA:337,54,1,0
BRDA:339,55,0,1
BRDA:339,55,1,0
BRDA:343,56,0,0
BRDA:343,56,1,0
BRDA:346,57,0,1
BRDA:346,57,1,0
BRDA:352,58,0,0
BRDA:352,58,1,0
BRDA:352,59,0,0
BRDA:352,59,1,0
BRDA:353,60,0,0
BRDA:353,60,1,0
BRDA:353,61,0,0
BRDA:353,61,1,0
BRDA:353,61,2,0
BRDA:355,62,0,0
BRDA:355,62,1,0
BRDA:360,63,0,0
BRDA:360,63,1,0
BRDA:361,64,0,0
BRDA:361,64,1,0
BRDA:375,65,0,0
BRDA:375,65,1,0
BRDA:397,66,0,0
BRDA:397,66,1,0
BRDA:439,67,0,0
BRDA:439,67,1,0
BRDA:462,68,0,0
BRDA:462,68,1,0
BRDA:473,69,0,0
BRDA:473,69,1,0
BRDA:476,70,0,0
BRDA:476,70,1,0
BRDA:478,71,0,0
BRDA:478,71,1,0
BRDA:482,72,0,0
BRDA:482,72,1,0
BRF:151
BRH:9
end_of_record
TN:
SF:/Users/ens/pwd/uxcore/uxcore-mention/src/editor-components/textareaEditor.js
FN:17,_interopRequireDefault
FN:19,_defaults
FN:21,_classCallCheck
FN:23,_possibleConstructorReturn
FN:25,_inherits
FN:31,(anonymous_6)
FN:34,TextareaEditor
FN:46,componentWillReceiveProps
FN:54,componentDidMount
FN:61,handleDefaultKeyup
FN:85,insert
FN:89,insertContentAtCaret
FN:110,(anonymous_13)
FN:119,handleChange
FN:126,render
FN:222,mentionFormatter
FN:226,onAdd
FNF:17
FNH:12
FNDA:2,_interopRequireDefault
FNDA:1,_defaults
FNDA:1,_classCallCheck
FNDA:1,_possibleConstructorReturn
FNDA:1,_inherits
FNDA:1,(anonymous_6)
FNDA:1,TextareaEditor
FNDA:1,componentWillReceiveProps
FNDA:1,componentDidMount
FNDA:1,handleDefaultKeyup
FNDA:0,insert
FNDA:0,insertContentAtCaret
FNDA:0,(anonymous_13)
FNDA:1,handleChange
FNDA:3,render
FNDA:0,mentionFormatter
FNDA:0,onAdd
DA:3,1
DA:7,1
DA:9,1
DA:11,1
DA:13,1
DA:15,1
DA:17,2
DA:19,5
DA:21,1
DA:23,1
DA:25,1
DA:31,1
DA:32,1
DA:34,1
DA:35,1
DA:37,1
DA:39,1
DA:42,1
DA:43,1
DA:46,1
DA:47,1
DA:48,0
DA:54,1
DA:55,1
DA:61,1
DA:62,1
DA:63,1
DA:65,1
DA:66,1
DA:68,1
DA:69,1
DA:70,1
DA:71,1
DA:72,1
DA:76,1
DA:77,0
DA:78,0
DA:85,1
DA:86,0
DA:89,1
DA:90,0
DA:92,0
DA:93,0
DA:94,0
DA:95,0
DA:96,0
DA:97,0
DA:98,0
DA:99,0
DA:100,0
DA:101,0
DA:104,0
DA:105,0
DA:107,0
DA:108,0
DA:111,0
DA:112,0
DA:115,0
DA:116,0
DA:119,1
DA:120,1
DA:123,1
DA:126,1
DA:127,3
DA:128,3
DA:132,3
DA:136,3
DA:154,1
DA:157,1
DA:159,1
DA:160,1
DA:217,1
DA:223,0
DA:232,1
LF:74
LH:50
BRDA:17,1,0,0
BRDA:17,1,1,2
BRDA:17,2,0,2
BRDA:17,2,1,2
BRDA:19,3,0,0
BRDA:19,3,1,5
BRDA:19,4,0,5
BRDA:19,4,1,5
BRDA:19,4,2,0
BRDA:21,5,0,0
BRDA:21,5,1,1
BRDA:23,6,0,0
BRDA:23,6,1,1
BRDA:23,7,0,1
BRDA:23,7,1,0
BRDA:23,8,0,1
BRDA:23,8,1,1
BRDA:23,8,2,0
BRDA:25,9,0,0
BRDA:25,9,1,1
BRDA:25,10,0,1
BRDA:25,10,1,0
BRDA:25,11,0,1
BRDA:25,11,1,1
BRDA:25,12,0,1
BRDA:25,12,1,0
BRDA:25,13,0,0
BRDA:25,13,1,1
BRDA:40,14,0,1
BRDA:40,14,1,1
BRDA:47,15,0,0
BRDA:47,15,1,1
BRDA:76,16,0,0
BRDA:76,16,1,1
BRDA:92,17,0,0
BRDA:92,17,1,0
BRDA:94,18,0,0
BRDA:94,18,1,0
BRDA:100,19,0,0
BRDA:100,19,1,0
BRF:40
BRH:21
end_of_record
TN:
SF:/Users/ens/pwd/uxcore/uxcore-mention/src/editor-components/inputEditor.js
FN:17,_interopRequireDefault
FN:19,_defaults
FN:21,_classCallCheck
FN:23,_possibleConstructorReturn
FN:25,_inherits
FN:31,(anonymous_6)
FN:34,InputEditor
FN:46,componentWillReceiveProps
FN:54,componentDidMount
FN:61,handleDefaultKeyup
FN:85,insert
FN:89,insertContentAtCaret
FN:113,(anonymous_13)
FN:122,handleChange
FN:129,render
FN:225,mentionFormatter
FN:229,onAdd
FNF:17
FNH:17
FNDA:2,_interopRequireDefault
FNDA:1,_defaults
FNDA:1,_classCallCheck
FNDA:1,_possibleConstructorReturn
FNDA:1,_inherits
FNDA:1,(anonymous_6)
FNDA:1,InputEditor
FNDA:15,componentWillReceiveProps
FNDA:1,componentDidMount
FNDA:2,handleDefaultKeyup
FNDA:2,insert
FNDA:2,insertContentAtCaret
FNDA:2,(anonymous_13)
FNDA:2,handleChange
FNDA:18,render
FNDA:2,mentionFormatter
FNDA:2,onAdd
DA:3,1
DA:7,1
DA:9,1
DA:11,1
DA:13,1
DA:15,1
DA:17,2
DA:19,5
DA:21,1
DA:23,1
DA:25,1
DA:31,1
DA:32,1
DA:34,1
DA:35,1
DA:37,1
DA:39,1
DA:42,1
DA:43,1
DA:46,1
DA:47,15
DA:48,0
DA:54,1
DA:55,1
DA:61,1
DA:62,2
DA:63,2
DA:65,2
DA:66,2
DA:68,2
DA:69,2
DA:70,2
DA:71,2
DA:72,2
DA:76,2
DA:77,2
DA:78,2
DA:85,1
DA:86,2
DA:89,1
DA:90,2
DA:92,2
DA:93,0
DA:94,0
DA:95,0
DA:96,0
DA:97,0
DA:98,0
DA:99,0
DA:100,0
DA:101,0
DA:104,2
DA:105,2
DA:110,2
DA:111,2
DA:114,2
DA:115,2
DA:118,2
DA:119,2
DA:122,1
DA:123,2
DA:126,2
DA:129,1
DA:130,18
DA:131,18
DA:135,18
DA:139,18
DA:157,1
DA:160,1
DA:162,1
DA:163,1
DA:220,1
DA:226,2
DA:235,1
LF:74
LH:64
BRDA:17,1,0,0
BRDA:17,1,1,2
BRDA:17,2,0,2
BRDA:17,2,1,2
BRDA:19,3,0,0
BRDA:19,3,1,5
BRDA:19,4,0,5
BRDA:19,4,1,5
BRDA:19,4,2,0
BRDA:21,5,0,0
BRDA:21,5,1,1
BRDA:23,6,0,0
BRDA:23,6,1,1
BRDA:23,7,0,1
BRDA:23,7,1,0
BRDA:23,8,0,1
BRDA:23,8,1,1
BRDA:23,8,2,0
BRDA:25,9,0,0
BRDA:25,9,1,1
BRDA:25,10,0,1
BRDA:25,10,1,0
BRDA:25,11,0,1
BRDA:25,11,1,1
BRDA:25,12,0,1
BRDA:25,12,1,0
BRDA:25,13,0,0
BRDA:25,13,1,1
BRDA:40,14,0,1
BRDA:40,14,1,1
BRDA:47,15,0,0
BRDA:47,15,1,15
BRDA:76,16,0,2
BRDA:76,16,1,0
BRDA:92,17,0,0
BRDA:92,17,1,2
BRDA:94,18,0,0
BRDA:94,18,1,0
BRDA:100,19,0,0
BRDA:100,19,1,0
BRF:40
BRH:22
end_of_record
TN:
SF:/Users/ens/pwd/uxcore/uxcore-mention/src/components/TinymceMention.js
FN:35,_interopRequireDefault
FN:37,_defaults
FN:39,_classCallCheck
FN:41,_possibleConstructorReturn
FN:43,_inherits
FN:45,pluginInitialized
FN:57,(anonymous_7)
FN:60,TinymceMention
FN:77,componentWillMount
FN:81,(anonymous_10)
FN:83,(anonymous_11)
FN:86,(anonymous_12)
FN:94,componentDidMount
FN:102,(anonymous_14)
FN:117,componentWillUnmount
FN:122,onKeydown
FN:142,onKeyup
FN:160,handleDefaultKeyup
FN:197,insert
FN:211,insertWithElementNode
FN:228,insertWithTextNode
FN:246,setPanelPos
FN:258,selectItem
FN:265,render
FN:352,formatter
FN:355,mentionFormatter
FN:358,panelFormatter
FN:361,onChange
FN:362,onAdd
FNF:29
FNH:24
FNDA:6,_interopRequireDefault
FNDA:1,_defaults
FNDA:1,_classCallCheck
FNDA:1,_possibleConstructorReturn
FNDA:1,_inherits
FNDA:1,pluginInitialized
FNDA:1,(anonymous_7)
FNDA:1,TinymceMention
FNDA:1,componentWillMount
FNDA:1,(anonymous_10)
FNDA:0,(anonymous_11)
FNDA:3,(anonymous_12)
FNDA:1,componentDidMount
FNDA:2,(anonymous_14)
FNDA:0,componentWillUnmount
FNDA:0,onKeydown
FNDA:5,onKeyup
FNDA:2,handleDefaultKeyup
FNDA:2,insert
FNDA:1,insertWithElementNode
FNDA:1,insertWithTextNode
FNDA:2,setPanelPos
FNDA:2,selectItem
FNDA:17,render
FNDA:0,formatter
FNDA:2,mentionFormatter
FNDA:36,panelFormatter
FNDA:0,onChange
FNDA:2,onAdd
DA:3,1
DA:7,1
DA:9,1
DA:11,1
DA:13,1
DA:15,1
DA:17,1
DA:19,1
DA:21,1
DA:23,1
DA:25,1
DA:27,1
DA:29,1
DA:31,1
DA:33,1
DA:35,6
DA:37,5
DA:39,1
DA:41,1
DA:43,1
DA:45,1
DA:46,1
DA:47,1
DA:48,1
DA:49,1
DA:57,1
DA:58,1
DA:60,1
DA:61,1
DA:63,1
DA:65,1
DA:74,1
DA:77,1
DA:78,1
DA:80,1
DA:81,1
DA:82,1
DA:83,1
DA:84,0
DA:86,1
DA:87,3
DA:88,3
DA:94,1
DA:95,1
DA:96,1
DA:97,1
DA:98,1
DA:99,1
DA:103,2
DA:104,2
DA:105,1
DA:111,2
DA:114,1
DA:117,1
DA:118,0
DA:119,0
DA:122,1
DA:123,0
DA:125,0
DA:128,0
DA:129,0
DA:131,0
DA:133,0
DA:134,0
DA:136,0
DA:138,0
DA:142,1
DA:143,5
DA:145,5
DA:148,1
DA:149,1
DA:151,1
DA:153,2
DA:155,2
DA:156,2
DA:160,1
DA:161,2
DA:163,2
DA:164,2
DA:165,2
DA:166,2
DA:167,2
DA:168,2
DA:169,2
DA:170,2
DA:171,2
DA:172,2
DA:173,2
DA:174,2
DA:175,2
DA:179,2
DA:181,2
DA:184,0
DA:185,0
DA:189,0
DA:191,2
DA:197,1
DA:198,2
DA:200,2
DA:202,1
DA:203,1
DA:206,1
DA:207,1
DA:211,1
DA:212,1
DA:213,1
DA:214,1
DA:216,1
DA:217,1
DA:218,1
DA:219,1
DA:220,1
DA:221,1
DA:222,1
DA:223,1
DA:224,1
DA:225,1
DA:228,1
DA:229,1
DA:230,1
DA:231,1
DA:232,1
DA:233,1
DA:234,1
DA:235,1
DA:236,1
DA:237,1
DA:239,0
DA:240,0
DA:241,0
DA:246,1
DA:247,2
DA:249,2
DA:253,2
DA:258,1
DA:259,2
DA:260,2
DA:265,1
DA:266,17
DA:270,17
DA:274,17
DA:289,1
DA:292,1
DA:293,1
DA:294,1
DA:347,1
DA:353,0
DA:356,2
DA:359,36
DA:366,1
DA:367,1
LF:151
LH:132
BRDA:35,1,0,0
BRDA:35,1,1,6
BRDA:35,2,0,6
BRDA:35,2,1,6
BRDA:37,3,0,0
BRDA:37,3,1,5
BRDA:37,4,0,5
BRDA:37,4,1,5
BRDA:37,4,2,0
BRDA:39,5,0,0
BRDA:39,5,1,1
BRDA:41,6,0,0
BRDA:41,6,1,1
BRDA:41,7,0,1
BRDA:41,7,1,0
BRDA:41,8,0,1
BRDA:41,8,1,1
BRDA:41,8,2,0
BRDA:43,9,0,0
BRDA:43,9,1,1
BRDA:43,10,0,1
BRDA:43,10,1,0
BRDA:43,11,0,1
BRDA:43,11,1,1
BRDA:43,12,0,1
BRDA:43,12,1,0
BRDA:43,13,0,0
BRDA:43,13,1,1
BRDA:47,14,0,1
BRDA:47,14,1,0
BRDA:48,15,0,1
BRDA:48,15,1,0
BRDA:80,16,0,1
BRDA:80,16,1,0
BRDA:104,17,0,1
BRDA:104,17,1,1
BRDA:104,18,0,2
BRDA:104,18,1,1
BRDA:125,19,0,0
BRDA:125,19,1,0
BRDA:125,19,2,0
BRDA:125,19,3,0
BRDA:128,20,0,0
BRDA:128,20,1,0
BRDA:133,21,0,0
BRDA:133,21,1,0
BRDA:145,22,0,0
BRDA:145,22,1,1
BRDA:145,22,2,2
BRDA:145,22,3,2
BRDA:148,23,0,1
BRDA:148,23,1,0
BRDA:165,24,0,2
BRDA:165,24,1,0
BRDA:171,25,0,2
BRDA:171,25,1,0
BRDA:172,26,0,2
BRDA:172,26,1,0
BRDA:200,27,0,1
BRDA:200,27,1,1
BRDA:200,27,2,1
BRDA:213,28,0,1
BRDA:213,28,1,0
BRDA:230,29,0,1
BRDA:230,29,1,0
BRDA:231,30,0,1
BRDA:231,30,1,0
BRF:67
BRH:37
end_of_record
