TN:
SF:/Users/vincent.bian/uxcore/uxcore-mention/src/index.js
FN:28,_interopRequireDefault
FNF:1
FNH:1
FNDA:5,_interopRequireDefault
DA:3,1
DA:6,1
DA:8,1
DA:10,1
DA:12,1
DA:14,1
DA:16,1
DA:18,1
DA:20,1
DA:22,1
DA:24,1
DA:26,1
DA:28,5
DA:30,1
DA:31,1
DA:32,1
DA:33,1
DA:41,1
LF:18
LH:18
BRDA:28,1,0,0
BRDA:28,1,1,5
BRDA:28,2,0,5
BRDA:28,2,1,5
BRF:4
BRH:3
end_of_record
TN:
SF:/Users/vincent.bian/uxcore/uxcore-mention/src/components/Mention.js
FN:25,_interopRequireDefault
FN:27,_defaults
FN:29,_classCallCheck
FN:31,_possibleConstructorReturn
FN:33,_inherits
FN:44,(anonymous_6)
FN:47,Mention
FN:64,componentDidMount
FN:74,onFocus
FN:82,setPanelPos
FN:92,selectItem
FN:99,render
FN:117,(anonymous_13)
FN:126,ref
FN:139,ref
FN:193,formatter
FN:196,panelFormatter
FN:199,onChange
FNF:18
FNH:17
FNDA:4,_interopRequireDefault
FNDA:1,_defaults
FNDA:3,_classCallCheck
FNDA:3,_possibleConstructorReturn
FNDA:1,_inherits
FNDA:1,(anonymous_6)
FNDA:3,Mention
FNDA:3,componentDidMount
FNDA:4,onFocus
FNDA:3,setPanelPos
FNDA:3,selectItem
FNDA:24,render
FNDA:24,(anonymous_13)
FNDA:45,ref
FNDA:45,ref
FNDA:0,formatter
FNDA:52,panelFormatter
FNDA:9,onChange
DA:3,1
DA:7,1
DA:9,1
DA:11,1
DA:13,1
DA:15,1
DA:17,1
DA:19,1
DA:21,1
DA:23,1
DA:25,4
DA:27,5
DA:29,3
DA:31,3
DA:33,1
DA:38,1
DA:44,1
DA:45,1
DA:47,1
DA:48,3
DA:50,3
DA:52,3
DA:61,3
DA:64,1
DA:65,3
DA:74,1
DA:75,4
DA:82,1
DA:83,3
DA:87,3
DA:92,1
DA:93,3
DA:96,3
DA:99,1
DA:100,24
DA:102,24
DA:106,24
DA:114,24
DA:118,24
DA:127,45
DA:140,45
DA:146,1
DA:149,1
DA:150,1
DA:151,1
DA:188,1
DA:194,0
DA:197,52
DA:202,1
DA:203,1
LF:50
LH:49
BRDA:25,1,0,0
BRDA:25,1,1,4
BRDA:25,2,0,4
BRDA:25,2,1,4
BRDA:27,3,0,0
BRDA:27,3,1,5
BRDA:27,4,0,5
BRDA:27,4,1,5
BRDA:27,4,2,0
BRDA:29,5,0,0
BRDA:29,5,1,3
BRDA:31,6,0,0
BRDA:31,6,1,3
BRDA:31,7,0,0
BRDA:31,7,1,3
BRDA:31,8,0,3
BRDA:31,8,1,0
BRDA:31,8,2,0
BRDA:33,9,0,0
BRDA:33,9,1,1
BRDA:33,10,0,1
BRDA:33,10,1,0
BRDA:33,11,0,1
BRDA:33,11,1,1
BRDA:33,12,0,1
BRDA:33,12,1,0
BRDA:33,13,0,0
BRDA:33,13,1,1
BRF:28
BRH:16
end_of_record
TN:
SF:/Users/vincent.bian/uxcore/uxcore-mention/src/components/Panel.js
FN:15,_interopRequireDefault
FN:17,_defaults
FN:19,_classCallCheck
FN:21,_possibleConstructorReturn
FN:23,_inherits
FN:25,(anonymous_6)
FN:28,Panel
FN:34,render
FN:53,(anonymous_9)
FNF:9
FNH:9
FNDA:2,_interopRequireDefault
FNDA:1,_defaults
FNDA:4,_classCallCheck
FNDA:4,_possibleConstructorReturn
FNDA:1,_inherits
FNDA:1,(anonymous_6)
FNDA:4,Panel
FNDA:41,render
FNDA:88,(anonymous_9)
DA:3,1
DA:7,1
DA:9,1
DA:11,1
DA:13,1
DA:15,2
DA:17,5
DA:19,4
DA:21,4
DA:23,1
DA:25,1
DA:26,1
DA:28,1
DA:29,4
DA:31,4
DA:34,1
DA:35,41
DA:37,41
DA:38,41
DA:46,41
DA:47,41
DA:48,41
DA:49,41
DA:50,41
DA:54,88
DA:55,88
DA:56,88
DA:57,88
DA:58,88
DA:67,1
DA:70,1
DA:72,1
DA:73,1
DA:81,1
DA:89,1
LF:35
LH:35
BRDA:15,1,0,0
BRDA:15,1,1,2
BRDA:15,2,0,2
BRDA:15,2,1,2
BRDA:17,3,0,0
BRDA:17,3,1,5
BRDA:17,4,0,5
BRDA:17,4,1,5
BRDA:17,4,2,0
BRDA:19,5,0,0
BRDA:19,5,1,4
BRDA:21,6,0,0
BRDA:21,6,1,4
BRDA:21,7,0,0
BRDA:21,7,1,4
BRDA:21,8,0,4
BRDA:21,8,1,0
BRDA:21,8,2,0
BRDA:23,9,0,0
BRDA:23,9,1,1
BRDA:23,10,0,1
BRDA:23,10,1,0
BRDA:23,11,0,1
BRDA:23,11,1,1
BRDA:23,12,0,1
BRDA:23,12,1,0
BRDA:23,13,0,0
BRDA:23,13,1,1
BRF:28
BRH:16
end_of_record
TN:
SF:/Users/vincent.bian/uxcore/uxcore-mention/src/utils/keycode.js
FNF:0
FNH:0
DA:3,1
DA:6,1
LF:2
LH:2
BRF:0
BRH:0
end_of_record
TN:
SF:/Users/vincent.bian/uxcore/uxcore-mention/src/components/mentionMixin.js
FN:12,componentDidUpdate
FN:24,onPanelKeyup
FN:54,runMatcher
FN:58,(anonymous_4)
FN:62,_matcher
FN:73,(anonymous_6)
FN:81,next
FNF:7
FNH:7
FNDA:37,componentDidUpdate
FNDA:14,onPanelKeyup
FNDA:3,runMatcher
FNDA:1,(anonymous_4)
FNDA:5,_matcher
FNDA:40,(anonymous_6)
FNDA:5,next
DA:3,1
DA:7,1
DA:11,1
DA:13,37
DA:14,10
DA:18,37
DA:19,5
DA:25,14
DA:30,14
DA:31,9
DA:32,9
DA:34,1
DA:37,1
DA:39,4
DA:42,4
DA:44,4
DA:45,4
DA:47,0
DA:50,0
DA:55,3
DA:57,3
DA:58,3
DA:59,1
DA:63,5
DA:67,5
DA:71,5
DA:72,5
DA:73,5
DA:74,40
DA:77,0
DA:82,5
DA:83,5
DA:84,5
DA:86,5
DA:91,1
LF:35
LH:32
BRDA:13,1,0,10
BRDA:13,1,1,27
BRDA:18,2,0,5
BRDA:18,2,1,32
BRDA:18,3,0,37
BRDA:18,3,1,15
BRDA:30,4,0,9
BRDA:30,4,1,5
BRDA:32,5,0,1
BRDA:32,5,1,4
BRDA:32,5,2,4
BRDA:32,5,3,0
BRDA:35,6,0,0
BRDA:35,6,1,1
BRDA:40,7,0,0
BRDA:40,7,1,4
BRDA:57,8,0,3
BRDA:57,8,1,1
BRDA:71,9,0,5
BRDA:71,9,1,0
BRDA:71,10,0,5
BRDA:71,10,1,5
BRDA:72,11,0,5
BRDA:72,11,1,0
BRDA:83,12,0,5
BRDA:83,12,1,0
BRF:26
BRH:20
end_of_record
TN:
SF:/Users/vincent.bian/uxcore/uxcore-mention/src/editor-components/contentEditableEditor.js
FN:17,_interopRequireDefault
FN:19,_defaults
FN:21,_classCallCheck
FN:23,_possibleConstructorReturn
FN:25,_inherits
FN:30,(anonymous_6)
FN:36,(anonymous_7)
FN:39,ContentEditableEditor
FN:51,componentDidMount
FN:66,componentWillReceiveProps
FN:72,componentWillUnmount
FN:78,handleEnterPress
FN:96,handleDefaultKeyup
FN:121,onInput
FN:127,onMutation
FN:131,onBlur
FN:138,onFocus
FN:145,insert
FN:162,(anonymous_19)
FN:168,extractContent
FN:191,emitChange
FN:206,render
FN:230,onClick
FN:307,mentionFormatter
FN:310,onChange
FN:311,onAdd
FNF:26
FNH:21
FNDA:2,_interopRequireDefault
FNDA:1,_defaults
FNDA:1,_classCallCheck
FNDA:1,_possibleConstructorReturn
FNDA:1,_inherits
FNDA:1,(anonymous_6)
FNDA:1,(anonymous_7)
FNDA:1,ContentEditableEditor
FNDA:1,componentDidMount
FNDA:6,componentWillReceiveProps
FNDA:0,componentWillUnmount
FNDA:0,handleEnterPress
FNDA:1,handleDefaultKeyup
FNDA:1,onInput
FNDA:0,onMutation
FNDA:2,onBlur
FNDA:3,onFocus
FNDA:1,insert
FNDA:0,(anonymous_19)
FNDA:3,extractContent
FNDA:4,emitChange
FNDA:14,render
FNDA:1,onClick
FNDA:1,mentionFormatter
FNDA:0,onChange
FNDA:1,onAdd
DA:3,1
DA:7,1
DA:9,1
DA:11,1
DA:13,1
DA:15,1
DA:17,2
DA:19,5
DA:21,1
DA:23,1
DA:25,1
DA:27,1
DA:30,1
DA:31,1
DA:32,1
DA:33,1
DA:36,1
DA:37,1
DA:39,1
DA:40,1
DA:42,1
DA:44,1
DA:48,1
DA:51,1
DA:52,1
DA:53,1
DA:54,0
DA:56,1
DA:57,1
DA:58,1
DA:66,1
DA:67,6
DA:68,0
DA:72,1
DA:73,0
DA:74,0
DA:78,1
DA:79,0
DA:80,0
DA:81,0
DA:82,0
DA:86,0
DA:87,0
DA:89,0
DA:90,0
DA:91,0
DA:92,0
DA:93,0
DA:96,1
DA:97,1
DA:101,1
DA:102,1
DA:103,1
DA:104,1
DA:105,1
DA:106,1
DA:108,1
DA:109,1
DA:111,1
DA:112,1
DA:114,1
DA:116,1
DA:121,1
DA:122,1
DA:123,0
DA:127,1
DA:128,0
DA:131,1
DA:132,2
DA:133,2
DA:138,1
DA:139,3
DA:142,3
DA:145,1
DA:146,1
DA:148,1
DA:149,1
DA:150,1
DA:151,1
DA:152,1
DA:153,1
DA:154,1
DA:155,1
DA:156,1
DA:158,1
DA:159,1
DA:160,1
DA:161,1
DA:162,1
DA:163,0
DA:168,1
DA:170,3
DA:172,3
DA:173,3
DA:174,3
DA:175,3
DA:176,3
DA:177,1
DA:178,1
DA:179,1
DA:180,0
DA:181,0
DA:183,2
DA:184,2
DA:188,3
DA:191,1
DA:192,4
DA:193,2
DA:194,2
DA:195,2
DA:196,2
DA:197,1
DA:199,3
DA:200,3
DA:203,3
DA:206,1
DA:207,14
DA:209,14
DA:213,14
DA:217,14
DA:231,1
DA:232,1
DA:239,1
DA:242,1
DA:244,1
DA:245,1
DA:302,1
DA:308,1
DA:316,1
LF:129
LH:109
BRDA:17,1,0,0
BRDA:17,1,1,2
BRDA:17,2,0,2
BRDA:17,2,1,2
BRDA:19,3,0,0
BRDA:19,3,1,5
BRDA:19,4,0,5
BRDA:19,4,1,5
BRDA:19,4,2,0
BRDA:21,5,0,0
BRDA:21,5,1,1
BRDA:23,6,0,0
BRDA:23,6,1,1
BRDA:23,7,0,1
BRDA:23,7,1,0
BRDA:23,8,0,1
BRDA:23,8,1,1
BRDA:23,8,2,0
BRDA:25,9,0,0
BRDA:25,9,1,1
BRDA:25,10,0,1
BRDA:25,10,1,0
BRDA:25,11,0,1
BRDA:25,11,1,1
BRDA:25,12,0,1
BRDA:25,12,1,0
BRDA:25,13,0,0
BRDA:25,13,1,1
BRDA:27,14,0,1
BRDA:27,14,1,0
BRDA:27,14,2,0
BRDA:33,15,0,1
BRDA:33,15,1,0
BRDA:46,16,0,1
BRDA:46,16,1,1
BRDA:53,17,0,0
BRDA:53,17,1,1
BRDA:56,18,0,1
BRDA:56,18,1,0
BRDA:67,19,0,0
BRDA:67,19,1,6
BRDA:73,20,0,0
BRDA:73,20,1,0
BRDA:86,21,0,0
BRDA:86,21,1,0
BRDA:86,22,0,0
BRDA:86,22,1,0
BRDA:103,23,0,1
BRDA:103,23,1,0
BRDA:109,24,0,1
BRDA:109,24,1,0
BRDA:122,25,0,0
BRDA:122,25,1,1
BRDA:149,26,0,1
BRDA:149,26,1,0
BRDA:176,27,0,1
BRDA:176,27,1,2
BRDA:178,28,0,1
BRDA:178,28,1,0
BRDA:180,29,0,0
BRDA:180,29,1,0
BRDA:183,30,0,2
BRDA:183,30,1,0
BRDA:184,31,0,2
BRDA:184,31,1,1
BRDA:192,32,0,2
BRDA:192,32,1,2
BRDA:196,33,0,1
BRDA:196,33,1,1
BRDA:223,34,0,0
BRDA:223,34,1,14
BRDA:228,35,0,2
BRDA:228,35,1,12
BRDA:228,36,0,14
BRDA:228,36,1,3
BRF:75
BRH:43
end_of_record
TN:
SF:/Users/vincent.bian/uxcore/uxcore-mention/src/editor-components/baseEditor.js
FN:15,_interopRequireDefault
FN:17,_defaults
FN:19,_classCallCheck
FN:21,_possibleConstructorReturn
FN:23,_inherits
FN:25,(anonymous_6)
FN:28,BaseEditor
FN:34,onFocus
FN:38,onKeydown
FN:60,onKeyup
FN:78,insertMentionData
FNF:11
FNH:11
FNDA:1,_interopRequireDefault
FNDA:1,_defaults
FNDA:4,_classCallCheck
FNDA:4,_possibleConstructorReturn
FNDA:1,_inherits
FNDA:1,(anonymous_6)
FNDA:4,BaseEditor
FNDA:1,onFocus
FNDA:5,onKeydown
FNDA:7,onKeyup
FNDA:5,insertMentionData
DA:3,1
DA:7,1
DA:9,1
DA:11,1
DA:13,1
DA:15,1
DA:17,5
DA:19,4
DA:21,4
DA:23,1
DA:25,1
DA:26,1
DA:28,1
DA:29,4
DA:31,4
DA:34,1
DA:35,1
DA:38,1
DA:39,5
DA:41,5
DA:44,0
DA:45,0
DA:47,0
DA:49,1
DA:50,1
DA:52,0
DA:54,1
DA:56,4
DA:60,1
DA:61,7
DA:63,7
DA:66,1
DA:67,1
DA:69,1
DA:71,1
DA:73,5
DA:74,5
DA:78,1
DA:79,5
DA:83,5
DA:84,5
DA:85,5
DA:88,1
DA:91,1
DA:92,1
LF:45
LH:41
BRDA:15,1,0,0
BRDA:15,1,1,1
BRDA:15,2,0,1
BRDA:15,2,1,1
BRDA:17,3,0,0
BRDA:17,3,1,5
BRDA:17,4,0,5
BRDA:17,4,1,5
BRDA:17,4,2,0
BRDA:19,5,0,0
BRDA:19,5,1,4
BRDA:21,6,0,0
BRDA:21,6,1,4
BRDA:21,7,0,0
BRDA:21,7,1,4
BRDA:21,8,0,4
BRDA:21,8,1,0
BRDA:21,8,2,0
BRDA:23,9,0,0
BRDA:23,9,1,1
BRDA:23,10,0,1
BRDA:23,10,1,0
BRDA:23,11,0,1
BRDA:23,11,1,1
BRDA:23,12,0,1
BRDA:23,12,1,0
BRDA:23,13,0,0
BRDA:23,13,1,1
BRDA:41,14,0,0
BRDA:41,14,1,0
BRDA:41,14,2,1
BRDA:41,14,3,4
BRDA:44,15,0,0
BRDA:44,15,1,0
BRDA:49,16,0,1
BRDA:49,16,1,0
BRDA:52,17,0,0
BRDA:52,17,1,0
BRDA:63,18,0,0
BRDA:63,18,1,1
BRDA:63,18,2,1
BRDA:63,18,3,5
BRDA:66,19,0,1
BRDA:66,19,1,0
BRDA:73,20,0,5
BRDA:73,20,1,5
BRF:46
BRH:25
end_of_record
TN:
SF:/Users/vincent.bian/uxcore/uxcore-mention/src/utils/util.js
FN:13,parseStrByDelimiter
FN:31,getScrollOffset
FN:46,getCaretOffset
FN:77,getElementOffset
FN:106,getCaretPosition
FN:123,(anonymous_6)
FN:147,(anonymous_7)
FN:189,createEvent
FNF:8
FNH:8
FNDA:7,parseStrByDelimiter
FNDA:2,getScrollOffset
FNDA:4,getCaretOffset
FNDA:4,getElementOffset
FNDA:2,getCaretPosition
FNDA:1,(anonymous_6)
FNDA:31,(anonymous_7)
FNDA:3,createEvent
DA:3,1
DA:13,1
DA:14,7
DA:15,7
DA:17,7
DA:18,7
DA:19,7
DA:20,5
DA:22,2
DA:24,7
DA:31,1
DA:32,2
DA:33,2
DA:34,0
DA:36,2
DA:38,2
DA:39,0
DA:41,2
DA:43,2
DA:46,1
DA:47,4
DA:48,4
DA:49,4
DA:50,4
DA:51,4
DA:53,0
DA:54,0
DA:55,0
DA:57,0
DA:58,0
DA:59,0
DA:60,0
DA:61,0
DA:62,0
DA:64,0
DA:66,0
DA:67,0
DA:69,0
DA:71,4
DA:77,1
DA:78,4
DA:79,4
DA:80,4
DA:81,4
DA:82,4
DA:83,4
DA:84,4
DA:86,4
DA:96,1
DA:106,1
DA:107,2
DA:108,2
DA:109,2
DA:110,0
DA:111,0
DA:112,0
DA:113,0
DA:115,2
DA:116,2
DA:117,2
DA:118,2
DA:119,2
DA:120,2
DA:121,2
DA:122,2
DA:123,1
DA:125,1
DA:126,1
DA:127,1
DA:129,1
DA:130,1
DA:131,1
DA:133,1
DA:134,1
DA:136,1
DA:138,0
DA:139,0
DA:141,1
DA:144,1
DA:145,1
DA:146,1
DA:147,1
DA:148,31
DA:151,1
DA:152,1
DA:155,2
DA:156,2
DA:157,0
DA:158,0
DA:159,0
DA:161,0
DA:163,2
DA:165,2
DA:166,2
DA:167,2
DA:168,2
DA:169,2
DA:170,2
DA:172,2
DA:173,2
DA:174,2
DA:177,2
DA:178,2
DA:179,2
DA:180,2
DA:181,2
DA:183,2
DA:189,1
DA:190,3
DA:191,3
DA:192,3
DA:193,3
DA:194,3
DA:196,0
DA:197,0
DA:199,3
DA:202,1
DA:203,1
DA:204,1
DA:205,1
DA:206,1
LF:121
LH:94
BRDA:14,1,0,7
BRDA:14,1,1,0
BRDA:14,2,0,7
BRDA:14,2,1,7
BRDA:15,3,0,5
BRDA:15,3,1,2
BRDA:15,4,0,7
BRDA:15,4,1,7
BRDA:19,5,0,5
BRDA:19,5,1,2
BRDA:33,6,0,0
BRDA:33,6,1,2
BRDA:38,7,0,0
BRDA:38,7,1,2
BRDA:49,8,0,4
BRDA:49,8,1,0
BRDA:55,9,0,0
BRDA:55,9,1,0
BRDA:64,10,0,0
BRDA:64,10,1,0
BRDA:81,11,0,4
BRDA:81,11,1,4
BRDA:81,11,2,4
BRDA:82,12,0,4
BRDA:82,12,1,4
BRDA:82,12,2,4
BRDA:83,13,0,4
BRDA:83,13,1,4
BRDA:84,14,0,4
BRDA:84,14,1,4
BRDA:109,15,0,0
BRDA:109,15,1,2
BRDA:118,16,0,2
BRDA:118,16,1,1
BRDA:119,17,0,2
BRDA:119,17,1,1
BRDA:120,18,0,2
BRDA:120,18,1,1
BRDA:122,19,0,1
BRDA:122,19,1,1
BRDA:134,20,0,1
BRDA:134,20,1,0
BRDA:136,21,0,0
BRDA:136,21,1,1
BRDA:156,22,0,0
BRDA:156,22,1,2
BRDA:158,23,0,0
BRDA:158,23,1,0
BRDA:161,24,0,0
BRDA:161,24,1,0
BRDA:191,25,0,3
BRDA:191,25,1,0
BRF:52
BRH:35
end_of_record
TN:
SF:/Users/vincent.bian/uxcore/uxcore-mention/src/editor-components/textareaEditor.js
FN:7,(anonymous_1)
FN:19,_interopRequireDefault
FN:21,_defaults
FN:23,_classCallCheck
FN:25,_possibleConstructorReturn
FN:27,_inherits
FN:33,(anonymous_7)
FN:36,TextareaEditor
FN:48,componentWillReceiveProps
FN:56,componentDidMount
FN:63,handleDefaultKeyup
FN:87,insert
FN:91,insertContentAtCaret
FN:108,(anonymous_14)
FN:115,(anonymous_15)
FN:125,handleChange
FN:132,render
FN:234,mentionFormatter
FN:238,onAdd
FNF:19
FNH:16
FNDA:3,(anonymous_1)
FNDA:2,_interopRequireDefault
FNDA:1,_defaults
FNDA:1,_classCallCheck
FNDA:1,_possibleConstructorReturn
FNDA:1,_inherits
FNDA:1,(anonymous_7)
FNDA:1,TextareaEditor
FNDA:0,componentWillReceiveProps
FNDA:1,componentDidMount
FNDA:2,handleDefaultKeyup
FNDA:1,insert
FNDA:1,insertContentAtCaret
FNDA:1,(anonymous_14)
FNDA:1,(anonymous_15)
FNDA:1,handleChange
FNDA:3,render
FNDA:0,mentionFormatter
FNDA:0,onAdd
DA:3,1
DA:7,5
DA:9,1
DA:11,1
DA:13,1
DA:15,1
DA:17,1
DA:19,2
DA:21,5
DA:23,1
DA:25,1
DA:27,1
DA:33,1
DA:34,1
DA:36,1
DA:37,1
DA:39,1
DA:41,1
DA:44,1
DA:45,1
DA:48,1
DA:49,0
DA:50,0
DA:56,1
DA:57,1
DA:63,1
DA:64,2
DA:65,2
DA:67,2
DA:68,2
DA:70,2
DA:71,2
DA:72,2
DA:73,2
DA:74,2
DA:78,2
DA:79,0
DA:80,0
DA:87,1
DA:88,1
DA:91,1
DA:92,1
DA:94,1
DA:96,1
DA:97,0
DA:98,0
DA:99,0
DA:100,0
DA:101,0
DA:102,0
DA:103,0
DA:104,0
DA:105,0
DA:108,1
DA:109,1
DA:110,1
DA:112,1
DA:113,1
DA:116,1
DA:117,1
DA:121,1
DA:122,1
DA:125,1
DA:126,1
DA:129,1
DA:132,1
DA:133,3
DA:134,3
DA:139,3
DA:143,3
DA:146,3
DA:147,2
DA:149,3
DA:166,1
DA:169,1
DA:171,1
DA:172,1
DA:229,1
DA:235,0
DA:244,1
LF:80
LH:66
BRDA:7,1,0,1
BRDA:7,1,1,1
BRDA:7,2,0,5
BRDA:7,2,1,0
BRDA:19,3,0,0
BRDA:19,3,1,2
BRDA:19,4,0,2
BRDA:19,4,1,2
BRDA:21,5,0,0
BRDA:21,5,1,5
BRDA:21,6,0,5
BRDA:21,6,1,5
BRDA:21,6,2,0
BRDA:23,7,0,0
BRDA:23,7,1,1
BRDA:25,8,0,0
BRDA:25,8,1,1
BRDA:25,9,0,1
BRDA:25,9,1,0
BRDA:25,10,0,1
BRDA:25,10,1,1
BRDA:25,10,2,0
BRDA:27,11,0,0
BRDA:27,11,1,1
BRDA:27,12,0,1
BRDA:27,12,1,0
BRDA:27,13,0,1
BRDA:27,13,1,1
BRDA:27,14,0,1
BRDA:27,14,1,0
BRDA:27,15,0,0
BRDA:27,15,1,1
BRDA:49,16,0,0
BRDA:49,16,1,0
BRDA:78,17,0,0
BRDA:78,17,1,2
BRDA:96,18,0,0
BRDA:96,18,1,1
BRDA:98,19,0,0
BRDA:98,19,1,0
BRDA:104,20,0,0
BRDA:104,20,1,0
BRDA:146,21,0,2
BRDA:146,21,1,1
BRF:44
BRH:24
end_of_record
TN:
SF:/Users/vincent.bian/uxcore/uxcore-mention/src/editor-components/inputEditor.js
FN:7,(anonymous_1)
FN:19,_interopRequireDefault
FN:21,_defaults
FN:23,_classCallCheck
FN:25,_possibleConstructorReturn
FN:27,_inherits
FN:33,(anonymous_7)
FN:36,InputEditor
FN:48,componentWillReceiveProps
FN:56,componentDidMount
FN:63,handleDefaultKeyup
FN:87,insert
FN:91,insertContentAtCaret
FN:108,(anonymous_14)
FN:118,(anonymous_15)
FN:128,handleChange
FN:135,render
FN:237,mentionFormatter
FN:241,onAdd
FNF:19
FNH:19
FNDA:18,(anonymous_1)
FNDA:2,_interopRequireDefault
FNDA:1,_defaults
FNDA:1,_classCallCheck
FNDA:1,_possibleConstructorReturn
FNDA:1,_inherits
FNDA:1,(anonymous_7)
FNDA:1,InputEditor
FNDA:15,componentWillReceiveProps
FNDA:1,componentDidMount
FNDA:2,handleDefaultKeyup
FNDA:2,insert
FNDA:2,insertContentAtCaret
FNDA:2,(anonymous_14)
FNDA:2,(anonymous_15)
FNDA:2,handleChange
FNDA:18,render
FNDA:2,mentionFormatter
FNDA:2,onAdd
DA:3,1
DA:7,35
DA:9,1
DA:11,1
DA:13,1
DA:15,1
DA:17,1
DA:19,2
DA:21,5
DA:23,1
DA:25,1
DA:27,1
DA:33,1
DA:34,1
DA:36,1
DA:37,1
DA:39,1
DA:41,1
DA:44,1
DA:45,1
DA:48,1
DA:49,15
DA:50,0
DA:56,1
DA:57,1
DA:63,1
DA:64,2
DA:65,2
DA:67,2
DA:68,2
DA:70,2
DA:71,2
DA:72,2
DA:73,2
DA:74,2
DA:78,2
DA:79,2
DA:80,2
DA:87,1
DA:88,2
DA:91,1
DA:92,2
DA:94,2
DA:96,2
DA:97,0
DA:98,0
DA:99,0
DA:100,0
DA:101,0
DA:102,0
DA:103,0
DA:104,0
DA:105,0
DA:108,2
DA:109,2
DA:110,2
DA:115,2
DA:116,2
DA:119,2
DA:120,2
DA:124,2
DA:125,2
DA:128,1
DA:129,2
DA:132,2
DA:135,1
DA:136,18
DA:137,18
DA:142,18
DA:146,18
DA:149,18
DA:150,17
DA:152,18
DA:169,1
DA:172,1
DA:174,1
DA:175,1
DA:232,1
DA:238,2
DA:247,1
LF:80
LH:70
BRDA:7,1,0,1
BRDA:7,1,1,1
BRDA:7,2,0,35
BRDA:7,2,1,0
BRDA:19,3,0,0
BRDA:19,3,1,2
BRDA:19,4,0,2
BRDA:19,4,1,2
BRDA:21,5,0,0
BRDA:21,5,1,5
BRDA:21,6,0,5
BRDA:21,6,1,5
BRDA:21,6,2,0
BRDA:23,7,0,0
BRDA:23,7,1,1
BRDA:25,8,0,0
BRDA:25,8,1,1
BRDA:25,9,0,1
BRDA:25,9,1,0
BRDA:25,10,0,1
BRDA:25,10,1,1
BRDA:25,10,2,0
BRDA:27,11,0,0
BRDA:27,11,1,1
BRDA:27,12,0,1
BRDA:27,12,1,0
BRDA:27,13,0,1
BRDA:27,13,1,1
BRDA:27,14,0,1
BRDA:27,14,1,0
BRDA:27,15,0,0
BRDA:27,15,1,1
BRDA:49,16,0,0
BRDA:49,16,1,15
BRDA:78,17,0,2
BRDA:78,17,1,0
BRDA:96,18,0,0
BRDA:96,18,1,2
BRDA:98,19,0,0
BRDA:98,19,1,0
BRDA:104,20,0,0
BRDA:104,20,1,0
BRDA:149,21,0,17
BRDA:149,21,1,1
BRF:44
BRH:25
end_of_record
TN:
SF:/Users/vincent.bian/uxcore/uxcore-mention/src/components/TinymceMention.js
FN:35,_interopRequireDefault
FN:37,_defaults
FN:39,_classCallCheck
FN:41,_possibleConstructorReturn
FN:43,_inherits
FN:45,pluginInitialized
FN:57,(anonymous_7)
FN:60,TinymceMention
FN:77,componentWillMount
FN:81,(anonymous_10)
FN:83,(anonymous_11)
FN:86,(anonymous_12)
FN:94,componentDidMount
FN:102,(anonymous_14)
FN:117,componentWillUnmount
FN:122,onKeydown
FN:142,onKeyup
FN:160,handleDefaultKeyup
FN:197,insert
FN:211,insertWithElementNode
FN:228,insertWithTextNode
FN:246,setPanelPos
FN:258,selectItem
FN:265,render
FN:287,ref
FN:357,formatter
FN:360,mentionFormatter
FN:363,panelFormatter
FN:366,onChange
FN:367,onAdd
FNF:30
FNH:25
FNDA:6,_interopRequireDefault
FNDA:1,_defaults
FNDA:1,_classCallCheck
FNDA:1,_possibleConstructorReturn
FNDA:1,_inherits
FNDA:1,pluginInitialized
FNDA:1,(anonymous_7)
FNDA:1,TinymceMention
FNDA:1,componentWillMount
FNDA:1,(anonymous_10)
FNDA:0,(anonymous_11)
FNDA:3,(anonymous_12)
FNDA:1,componentDidMount
FNDA:2,(anonymous_14)
FNDA:0,componentWillUnmount
FNDA:0,onKeydown
FNDA:5,onKeyup
FNDA:2,handleDefaultKeyup
FNDA:2,insert
FNDA:1,insertWithElementNode
FNDA:1,insertWithTextNode
FNDA:2,setPanelPos
FNDA:2,selectItem
FNDA:17,render
FNDA:33,ref
FNDA:0,formatter
FNDA:2,mentionFormatter
FNDA:36,panelFormatter
FNDA:0,onChange
FNDA:2,onAdd
DA:3,1
DA:7,1
DA:9,1
DA:11,1
DA:13,1
DA:15,1
DA:17,1
DA:19,1
DA:21,1
DA:23,1
DA:25,1
DA:27,1
DA:29,1
DA:31,1
DA:33,1
DA:35,6
DA:37,5
DA:39,1
DA:41,1
DA:43,1
DA:45,1
DA:46,1
DA:47,1
DA:48,1
DA:49,1
DA:57,1
DA:58,1
DA:60,1
DA:61,1
DA:63,1
DA:65,1
DA:74,1
DA:77,1
DA:78,1
DA:80,1
DA:81,1
DA:82,1
DA:83,1
DA:84,0
DA:86,1
DA:87,3
DA:88,3
DA:94,1
DA:95,1
DA:96,1
DA:97,1
DA:98,1
DA:99,1
DA:103,2
DA:104,2
DA:105,1
DA:111,2
DA:114,1
DA:117,1
DA:118,0
DA:119,0
DA:122,1
DA:123,0
DA:125,0
DA:128,0
DA:129,0
DA:131,0
DA:133,0
DA:134,0
DA:136,0
DA:138,0
DA:142,1
DA:143,5
DA:145,5
DA:148,1
DA:149,1
DA:151,1
DA:153,2
DA:155,2
DA:156,2
DA:160,1
DA:161,2
DA:163,2
DA:164,2
DA:165,2
DA:166,2
DA:167,2
DA:168,2
DA:169,2
DA:170,2
DA:171,2
DA:172,2
DA:173,2
DA:174,2
DA:175,2
DA:179,2
DA:181,2
DA:184,0
DA:185,0
DA:189,0
DA:191,2
DA:197,1
DA:198,2
DA:200,2
DA:202,1
DA:203,1
DA:206,1
DA:207,1
DA:211,1
DA:212,1
DA:213,1
DA:214,1
DA:216,1
DA:217,1
DA:218,1
DA:219,1
DA:220,1
DA:221,1
DA:222,1
DA:223,1
DA:224,1
DA:225,1
DA:228,1
DA:229,1
DA:230,1
DA:231,1
DA:232,1
DA:233,1
DA:234,1
DA:235,1
DA:236,1
DA:237,1
DA:239,0
DA:240,0
DA:241,0
DA:246,1
DA:247,2
DA:249,2
DA:253,2
DA:258,1
DA:259,2
DA:260,2
DA:265,1
DA:266,17
DA:268,17
DA:272,17
DA:276,17
DA:288,33
DA:294,1
DA:297,1
DA:298,1
DA:299,1
DA:352,1
DA:358,0
DA:361,2
DA:364,36
DA:371,1
DA:372,1
LF:153
LH:134
BRDA:35,1,0,0
BRDA:35,1,1,6
BRDA:35,2,0,6
BRDA:35,2,1,6
BRDA:37,3,0,0
BRDA:37,3,1,5
BRDA:37,4,0,5
BRDA:37,4,1,5
BRDA:37,4,2,0
BRDA:39,5,0,0
BRDA:39,5,1,1
BRDA:41,6,0,0
BRDA:41,6,1,1
BRDA:41,7,0,1
BRDA:41,7,1,0
BRDA:41,8,0,1
BRDA:41,8,1,1
BRDA:41,8,2,0
BRDA:43,9,0,0
BRDA:43,9,1,1
BRDA:43,10,0,1
BRDA:43,10,1,0
BRDA:43,11,0,1
BRDA:43,11,1,1
BRDA:43,12,0,1
BRDA:43,12,1,0
BRDA:43,13,0,0
BRDA:43,13,1,1
BRDA:47,14,0,1
BRDA:47,14,1,0
BRDA:48,15,0,1
BRDA:48,15,1,0
BRDA:80,16,0,1
BRDA:80,16,1,0
BRDA:104,17,0,1
BRDA:104,17,1,1
BRDA:104,18,0,2
BRDA:104,18,1,1
BRDA:125,19,0,0
BRDA:125,19,1,0
BRDA:125,19,2,0
BRDA:125,19,3,0
BRDA:128,20,0,0
BRDA:128,20,1,0
BRDA:133,21,0,0
BRDA:133,21,1,0
BRDA:145,22,0,0
BRDA:145,22,1,1
BRDA:145,22,2,2
BRDA:145,22,3,2
BRDA:148,23,0,1
BRDA:148,23,1,0
BRDA:165,24,0,2
BRDA:165,24,1,0
BRDA:171,25,0,2
BRDA:171,25,1,0
BRDA:172,26,0,2
BRDA:172,26,1,0
BRDA:200,27,0,1
BRDA:200,27,1,1
BRDA:200,27,2,1
BRDA:213,28,0,1
BRDA:213,28,1,0
BRDA:230,29,0,1
BRDA:230,29,1,0
BRDA:231,30,0,1
BRDA:231,30,1,0
BRF:67
BRH:37
end_of_record
